# JRE version: OpenJDK Runtime Environment (8.0_76-b03) (build 1.8.0_76-release-b03)
# Java VM: OpenJDK 64-Bit Server VM (25.76-b03 mixed mode windows-amd64 compressed oops)
Heap:
 PSYoungGen      total 142848K, used 35669K [0x00000000eab00000, 0x00000000f4000000, 0x0000000100000000)
  eden space 133120K, 19% used [0x00000000eab00000,0x00000000ec4c9d50,0x00000000f2d00000)
  from space 9728K, 95% used [0x00000000f2d00000,0x00000000f360b7a0,0x00000000f3680000)
  to   space 9728K, 0% used [0x00000000f3680000,0x00000000f3680000,0x00000000f4000000)
 ParOldGen       total 87552K, used 23839K [0x00000000c0000000, 0x00000000c5580000, 0x00000000eab00000)
  object space 87552K, 27% used [0x00000000c0000000,0x00000000c1747d48,0x00000000c5580000)
 Metaspace       used 4968K, capacity 5502K, committed 5760K, reserved 1056768K
  class space    used 521K, capacity 561K, committed 640K, reserved 1048576K
GC Heap History (10 events):
Event: 1.478 GC heap before
{Heap before GC invocations=2 (full 0):
 PSYoungGen      total 38400K, used 38013K [0x00000000eab00000, 0x00000000ed580000, 0x0000000100000000)
  eden space 33280K, 98% used [0x00000000eab00000,0x00000000ecb215d0,0x00000000ecb80000)
  from space 5120K, 99% used [0x00000000ecb80000,0x00000000ed07e090,0x00000000ed080000)
  to   space 5120K, 0% used [0x00000000ed080000,0x00000000ed080000,0x00000000ed580000)
 ParOldGen       total 87552K, used 2670K [0x00000000c0000000, 0x00000000c5580000, 0x00000000eab00000)
  object space 87552K, 3% used [0x00000000c0000000,0x00000000c029bbc0,0x00000000c5580000)
 Metaspace       used 4817K, capacity 5464K, committed 5760K, reserved 1056768K
  class space    used 512K, capacity 528K, committed 640K, reserved 1048576K
Event: 1.483 GC heap after
Heap after GC invocations=2 (full 0):
 PSYoungGen      total 38400K, used 5113K [0x00000000eab00000, 0x00000000ef600000, 0x0000000100000000)
  eden space 33280K, 0% used [0x00000000eab00000,0x00000000eab00000,0x00000000ecb80000)
  from space 5120K, 99% used [0x00000000ed080000,0x00000000ed57e558,0x00000000ed580000)
  to   space 5120K, 0% used [0x00000000ecb80000,0x00000000ecb80000,0x00000000ed080000)
 ParOldGen       total 87552K, used 3403K [0x00000000c0000000, 0x00000000c5580000, 0x00000000eab00000)
  object space 87552K, 3% used [0x00000000c0000000,0x00000000c0352ed8,0x00000000c5580000)
 Metaspace       used 4817K, capacity 5464K, committed 5760K, reserved 1056768K
  class space    used 512K, capacity 528K, committed 640K, reserved 1048576K
}
Event: 1.639 GC heap before
{Heap before GC invocations=3 (full 0):
 PSYoungGen      total 38400K, used 38393K [0x00000000eab00000, 0x00000000ef600000, 0x0000000100000000)
  eden space 33280K, 100% used [0x00000000eab00000,0x00000000ecb80000,0x00000000ecb80000)
  from space 5120K, 99% used [0x00000000ed080000,0x00000000ed57e558,0x00000000ed580000)
  to   space 5120K, 0% used [0x00000000ecb80000,0x00000000ecb80000,0x00000000ed080000)
 ParOldGen       total 87552K, used 3403K [0x00000000c0000000, 0x00000000c5580000, 0x00000000eab00000)
  object space 87552K, 3% used [0x00000000c0000000,0x00000000c0352ed8,0x00000000c5580000)
 Metaspace       used 4832K, capacity 5464K, committed 5760K, reserved 1056768K
  class space    used 512K, capacity 528K, committed 640K, reserved 1048576K
Event: 1.647 GC heap after
Heap after GC invocations=3 (full 0):
 PSYoungGen      total 38400K, used 5113K [0x00000000eab00000, 0x00000000ef600000, 0x0000000100000000)
  eden space 33280K, 0% used [0x00000000eab00000,0x00000000eab00000,0x00000000ecb80000)
  from space 5120K, 99% used [0x00000000ecb80000,0x00000000ed07e738,0x00000000ed080000)
  to   space 5120K, 0% used [0x00000000ef100000,0x00000000ef100000,0x00000000ef600000)
 ParOldGen       total 87552K, used 7762K [0x00000000c0000000, 0x00000000c5580000, 0x00000000eab00000)
  object space 87552K, 8% used [0x00000000c0000000,0x00000000c07949a0,0x00000000c5580000)
 Metaspace       used 4832K, capacity 5464K, committed 5760K, reserved 1056768K
  class space    used 512K, capacity 528K, committed 640K, reserved 1048576K
}
Event: 1.840 GC heap before
{Heap before GC invocations=4 (full 0):
 PSYoungGen      total 38400K, used 38393K [0x00000000eab00000, 0x00000000ef600000, 0x0000000100000000)
  eden space 33280K, 100% used [0x00000000eab00000,0x00000000ecb80000,0x00000000ecb80000)
  from space 5120K, 99% used [0x00000000ecb80000,0x00000000ed07e738,0x00000000ed080000)
  to   space 5120K, 0% used [0x00000000ef100000,0x00000000ef100000,0x00000000ef600000)
 ParOldGen       total 87552K, used 7762K [0x00000000c0000000, 0x00000000c5580000, 0x00000000eab00000)
  object space 87552K, 8% used [0x00000000c0000000,0x00000000c07949a0,0x00000000c5580000)
 Metaspace       used 4937K, capacity 5502K, committed 5760K, reserved 1056768K
  class space    used 521K, capacity 561K, committed 640K, reserved 1048576K
Event: 1.851 GC heap after
Heap after GC invocations=4 (full 0):
 PSYoungGen      total 71680K, used 5088K [0x00000000eab00000, 0x00000000ef600000, 0x0000000100000000)
  eden space 66560K, 0% used [0x00000000eab00000,0x00000000eab00000,0x00000000eec00000)
  from space 5120K, 99% used [0x00000000ef100000,0x00000000ef5f8368,0x00000000ef600000)
  to   space 5120K, 0% used [0x00000000eec00000,0x00000000eec00000,0x00000000ef100000)
 ParOldGen       total 87552K, used 10146K [0x00000000c0000000, 0x00000000c5580000, 0x00000000eab00000)
  object space 87552K, 11% used [0x00000000c0000000,0x00000000c09e8a48,0x00000000c5580000)
 Metaspace       used 4937K, capacity 5502K, committed 5760K, reserved 1056768K
  class space    used 521K, capacity 561K, committed 640K, reserved 1048576K
}
Event: 2.191 GC heap before
{Heap before GC invocations=5 (full 0):
 PSYoungGen      total 71680K, used 71648K [0x00000000eab00000, 0x00000000ef600000, 0x0000000100000000)
  eden space 66560K, 100% used [0x00000000eab00000,0x00000000eec00000,0x00000000eec00000)
  from space 5120K, 99% used [0x00000000ef100000,0x00000000ef5f8368,0x00000000ef600000)
  to   space 5120K, 0% used [0x00000000eec00000,0x00000000eec00000,0x00000000ef100000)
 ParOldGen       total 87552K, used 10146K [0x00000000c0000000, 0x00000000c5580000, 0x00000000eab00000)
  object space 87552K, 11% used [0x00000000c0000000,0x00000000c09e8a48,0x00000000c5580000)
 Metaspace       used 4951K, capacity 5502K, committed 5760K, reserved 1056768K
  class space    used 521K, capacity 561K, committed 640K, reserved 1048576K
Event: 2.197 GC heap after
Heap after GC invocations=5 (full 0):
 PSYoungGen      total 71680K, used 5117K [0x00000000eab00000, 0x00000000f4000000, 0x0000000100000000)
  eden space 66560K, 0% used [0x00000000eab00000,0x00000000eab00000,0x00000000eec00000)
  from space 5120K, 99% used [0x00000000eec00000,0x00000000ef0ff6d0,0x00000000ef100000)
  to   space 9728K, 0% used [0x00000000f3680000,0x00000000f3680000,0x00000000f4000000)
 ParOldGen       total 87552K, used 12728K [0x00000000c0000000, 0x00000000c5580000, 0x00000000eab00000)
  object space 87552K, 14% used [0x00000000c0000000,0x00000000c0c6e0f8,0x00000000c5580000)
 Metaspace       used 4951K, capacity 5502K, committed 5760K, reserved 1056768K
  class space    used 521K, capacity 561K, committed 640K, reserved 1048576K
}
Event: 2.473 GC heap before
{Heap before GC invocations=6 (full 0):
 PSYoungGen      total 71680K, used 70538K [0x00000000eab00000, 0x00000000f4000000, 0x0000000100000000)
  eden space 66560K, 98% used [0x00000000eab00000,0x00000000eeae3430,0x00000000eec00000)
  from space 5120K, 99% used [0x00000000eec00000,0x00000000ef0ff6d0,0x00000000ef100000)
  to   space 9728K, 0% used [0x00000000f3680000,0x00000000f3680000,0x00000000f4000000)
 ParOldGen       total 87552K, used 12728K [0x00000000c0000000, 0x00000000c5580000, 0x00000000eab00000)
  object space 87552K, 14% used [0x00000000c0000000,0x00000000c0c6e0f8,0x00000000c5580000)
 Metaspace       used 4961K, capacity 5502K, committed 5760K, reserved 1056768K
  class space    used 521K, capacity 561K, committed 640K, reserved 1048576K
Event: 2.479 GC heap after
Heap after GC invocations=6 (full 0):
 PSYoungGen      total 142848K, used 6813K [0x00000000eab00000, 0x00000000f4000000, 0x0000000100000000)
  eden space 133120K, 0% used [0x00000000eab00000,0x00000000eab00000,0x00000000f2d00000)
  from space 9728K, 70% used [0x00000000f3680000,0x00000000f3d27760,0x00000000f4000000)
  to   space 9728K, 0% used [0x00000000f2d00000,0x00000000f2d00000,0x00000000f3680000)
 ParOldGen       total 87552K, used 12728K [0x00000000c0000000, 0x00000000c5580000, 0x00000000eab00000)
  object space 87552K, 14% used [0x00000000c0000000,0x00000000c0c6e0f8,0x00000000c5580000)
 Metaspace       used 4961K, capacity 5502K, committed 5760K, reserved 1056768K
  class space    used 521K, capacity 561K, committed 640K, reserved 1048576K
}

